00000000                                     1  *Scrivere un programma assembly per contare il numero di bit alti in una word, 
00000000                                     2  *utilizzando un sottoprogramma che conta il numero di bit alti in un byte.
00000000                                     3  
00008000                                     4      ORG $8000
00008000  000E                               5  VET DC.W    14
00008002  0000                               6  RES DC.W    0
00008004                                     7  *dichiaro il vettore contenente 14
00008004                                     8  
00008004                                     9  *inserisco il sottoprogramma per il conteggio
00008004                                    10  COUNT   
00008004  4E56 0000                         11          LINK A6,#0
00008008  3F40 0004                         12          MOVE.W D0,4(SP)
0000800C  4240                              13          CLR D0
0000800E  3011                              14          MOVE.W (A1),D0
00008010  5240                              15          ADD #1,D0
00008012  3280                              16          MOVE.W D0,(A1)
00008014  302E 0004                         17          MOVE.W 4(A6),D0
00008018  4E5E                              18          UNLK A6
0000801A  4EF9 00008110                     19          JMP LOOP
00008100                                    20      ORG $8100
00008100                                    21  START
00008100                                    22  *creo il puntatore alla prima variabile del vettore
00008100  41F9 00008000                     23      LEA VET,A0
00008106  43F9 00008002                     24      LEA RES,A1
0000810C                                    25  *creo un puntatore alla variabile
0000810C  3010                              26      MOVE.W (A0),D0
0000810E                                    27  *sposto il valore del primo elemento del vettore nel registro D0
0000810E  4241                              28      CLR.W   D1
00008110                                    29  *creo un loop in cui mediante lo shift register controlliamo il numero di bit pari ad 1
00008110                                    30  *il numero bit pari ad 1 vengono salvati nel registro D1
00008110  E248                              31  LOOP    LSR #1,D0
00008112  6500 FEF0                         32          BCS COUNT
00008116  B07C 0000                         33          CMP #0,D0
0000811A  66F4                              34      BNE LOOP
0000811C                                    35  
0000811C                                    36  
0000811C                                    37  
0000811C                                    38  
0000811C                                    39      END START

No errors detected
No warnings generated
