00000000                                     1  * somma i primi 17 interi
00000000                                     2  *	
00008000                                     3  	ORG	$8000
00008000  4279 00008030                      4  START	CLR.W	SUM
00008006  3039 00008034                      5  	MOVE.W ICNT,D0
0000800C  33C0 00008030                      6  ALOOP	MOVE.W D0,SUM
00008012  D079 00008030                      7  	ADD.W	 SUM,D0
00008018  33C0 00008030                      8  	MOVE.W D0,SUM
0000801E  3039 00008032                      9  	MOVE.W CNT,D0
00008024  0640 FFFF                         10  	ADD.W	 #-1,D0
00008028  66E2                              11  	BNE ALOOP
0000802A  4EF9 00008008                     12  	JMP SYSA
00008030  =00008008                         13  SYSA	EQU	$8008
00008030                                    14  SUM	DS.W	1
00008032                                    15  CNT	DS.W	1
00008034  =00000011                         16  IVAL	EQU	17
00008034  0011                              17  ICNT	DC.W	IVAL
00008036                                    18  	END	START

No errors detected
No warnings generated
