00000000                                     1  *AREA DI MEMORIA
00008000                                     2      ORG $8000
00008000  04                                 3  DIM DC.B    4
00008001  00                                 4  CNT DC.B    0
00008002                                     5  MSG DS.B    4
00008006                                     6  
00008006                                     7  
00008006                                     8  
00008100                                     9      ORG $8100
00008100                                    10  *AREA DEL MAIN
00008100                                    11  *AREA PERIFERICHE
00008100  =00002004                         12  PIADA   EQU    $2004
00008100  =00002005                         13  PIACA   EQU    $2005
00008100  =00002006                         14  PIADB   EQU    $2006
00008100  =00002007                         15  PIACB   EQU    $2007
00008100                                    16  
00008100  4EB9 0000816E                     17  MAIN    JSR IN
00008106  4EB9 0000815A                     18      JSR OUT
0000810C  227C 00002007                     19      MOVE.L  #PIACB,A1
00008112  247C 00002006                     20      MOVE.L  #PIADB,A2
00008118  207C 00008002                     21      MOVE.L  #MSG,A0
0000811E                                    22  
0000811E                                    23  *****************
0000811E                                    24  *   A0=>MSG     *
0000811E                                    25  *   A1=>PIACB   *
0000811E                                    26  *   A2=>PIADB   *
0000811E                                    27  *****************
0000811E                                    28  *ABILITO LE INTERRUPT
0000811E  40C0                              29      MOVE.W  SR,D0
00008120  0240 D8FF                         30      ANDI.W  #$D8FF,D0
00008124  46C0                              31      MOVE.W  D0,SR
00008126                                    32  *SPORCO LO STATUS REGISTER INTERRUPT ABILITATE
00008126                                    33  
00008126  1039 00008000                     34  FA1 MOVE.B  DIM,D0
0000812C  1239 00008001                     35      MOVE.B  CNT,D1
00008132  B200                              36      CMP.B   D0,D1
00008134  66F0                              37      BNE FA1
00008136  4E71                              38      NOP
00008138  4E71                              39      NOP
0000813A  4E71                              40      NOP
0000813C  4E71                              41      NOP
0000813E  4E71                              42      NOP
00008140                                    43  *resetto il counter
00008140                                    44  
00008140  13FC 0000 00008001                45  FA2 MOVE.B  #0,CNT
00008148                                    46  *FACCIO UNA LETTURA FITTIZIA
00008148  1212                              47      MOVE.B  (A2),D1
0000814A                                    48  *EFFETTUO IL PRIMO INVIO
0000814A  1490                              49      MOVE.B  (A0),(A2)
0000814C  13FC 0001 00008001                50      MOVE.B  #1,CNT
00008154                                    51  
00008154  4EF9 00008154                     52  LOOP    JMP LOOP    *loop caldo per non far terminare il programma
0000815A                                    53  
0000815A                                    54  
0000815A                                    55  
0000815A                                    56  
0000815A                                    57  
0000815A                                    58  
0000815A  11FC 0000 2007                    59  OUT MOVE.B  #0,PIACB
00008160  11FC 00FF 2006                    60      MOVE.B  #$FF,PIADB *linea d'uscita
00008166  11FC 0025 2007                    61      MOVE.B  #%00100101,PIACB *ABILITO L'HANDSHAKING E LE INTERRUPT
0000816C  4E75                              62      RTS
0000816E                                    63  
0000816E  11FC 0000 2005                    64  IN  MOVE.B  #0,PIACA
00008174  11FC 0000 2004                    65      MOVE.B  #0,PIADA *linea d'ingresso
0000817A  11FC 0025 2005                    66      MOVE.B  #%00100101,PIACA *ABILITO L'HANDSHAKING E LE INTERRUPT
00008180  4E75                              67      RTS
00008182                                    68  
00008182                                    69  
00008182                                    70  *AREA INTERRUPT TRASMISSIONE
00008200                                    71      ORG $8200
00008200                                    72  *salvo il contesto sullo stack
00008200                                    73  INT4    
00008200  2F08                              74      MOVE.L  A0,-(A7)
00008202  2F09                              75      MOVE.L  A1,-(A7)
00008204  2F0A                              76      MOVE.L  A2,-(A7)
00008206  2F00                              77      MOVE.L  D0,-(A7)
00008208  2F01                              78      MOVE.L  D1,-(A7)
0000820A                                    79  
0000820A  207C 00008002                     80      MOVEA.L #MSG,A0
00008210  227C 00002006                     81      MOVEA.L #PIADB,A1
00008216  1039 00008000                     82      MOVE.B  DIM,D0
0000821C  1239 00008001                     83      MOVE.B  CNT,D1
00008222                                    84  
00008222                                    85  *****************
00008222                                    86  *   A0=>MSG     *
00008222                                    87  *   A1=>PIADB   *
00008222                                    88  *   D0=>CNT     *
00008222                                    89  *****************
00008222                                    90  
00008222  B001                              91      CMP.B   D1,D0
00008224  6700 0010                         92      BEQ FINE
00008228                                    93  *LETTURA FITTIZIA
00008228  1411                              94      MOVE.B    (A1),D2
0000822A                                    95  *INVIO IL MESSAGGIO SU PIADB
0000822A  12B0 1000                         96      MOVE.B  (A0,D1),(A1)
0000822E  5201                              97      ADD.B   #1,D1
00008230  13C1 00008001                     98      MOVE.B  D1,CNT
00008236                                    99  
00008236                                   100      
00008236                                   101  
00008236                                   102  FINE
00008236  221F                             103      MOVE.L  (A7)+,D1
00008238  201F                             104      MOVE.L  (A7)+,D0
0000823A  245F                             105      MOVE.L  (A7)+,A2
0000823C  225F                             106      MOVE.L  (A7)+,A1
0000823E  205F                             107      MOVE.L  (A7)+,A0
00008240                                   108  *ripristino il contesto
00008240  4E73                             109      RTE
00008242                                   110  
00008242                                   111  
00008242                                   112  *AREA INTERRUPT RICEZIONE
00008300                                   113      ORG $8300
00008300                                   114     * ORI.W  #$0700,SR
00008300                                   115  *salvo il contesto sullo stack
00008300                                   116  INT3 
00008300  2F08                             117      MOVE.L  A0,-(A7)
00008302  2F09                             118      MOVE.L  A1,-(A7)
00008304  2F0A                             119      MOVE.L  A2,-(A7)
00008306  2F00                             120      MOVE.L  D0,-(A7)
00008308  2F01                             121      MOVE.L  D1,-(A7)
0000830A                                   122  
0000830A                                   123  
0000830A  207C 00008002                    124      MOVEA.L #MSG,A0
00008310  227C 00002004                    125      MOVEA.L #PIADA,A1
00008316  1039 00008001                    126      MOVE.B  CNT,D0
0000831C                                   127  
0000831C                                   128  *****************
0000831C                                   129  *   A0=>MSG     *
0000831C                                   130  *   A1=>PIADA   *
0000831C                                   131  *   D0=>CNT     *
0000831C                                   132  *****************
0000831C                                   133  
0000831C                                   134  *EFFETTUO LA LETTURA DAL PIADA
0000831C  1191 0000                        135      MOVE.B  (A1),(A0,D0)
00008320  5239 00008001                    136      ADD.B   #1,CNT
00008326  1039 00008001                    137      MOVE.B  CNT,D0
0000832C                                   138  
0000832C                                   139  
0000832C                                   140  
0000832C  221F                             141      MOVE.L  (A7)+,D1
0000832E  201F                             142      MOVE.L  (A7)+,D0
00008330  245F                             143      MOVE.L  (A7)+,A2
00008332  225F                             144      MOVE.L  (A7)+,A1
00008334  205F                             145      MOVE.L  (A7)+,A0
00008336                                   146  *ripristino il contesto
00008336  4E73                             147      RTE
00008338                                   148      END MAIN

No errors detected
No warnings generated
